Fri Oct 23, 17:04:40 connect failed
Fri Oct 23, 17:04:40 All connection attempted, but failed
Fri Oct 23, 17:04:40 Failed to open TCP port! 

Fri Oct 23, 17:05:27 connect failed
Fri Oct 23, 17:05:27 All connection attempted, but failed
Fri Oct 23, 17:05:27 Failed to open TCP port! 

Fri Oct 23, 17:06:14 connect failed
Fri Oct 23, 17:06:14 All connection attempted, but failed
Fri Oct 23, 17:06:14 Failed to open TCP port! 

Fri Oct 23, 17:07:01 connect failed
Fri Oct 23, 17:07:01 All connection attempted, but failed
Fri Oct 23, 17:07:01 Failed to open TCP port! 

Fri Oct 23, 17:07:48 connect failed
Fri Oct 23, 17:07:48 All connection attempted, but failed
Fri Oct 23, 17:07:48 Failed to open TCP port! 

Fri Oct 23, 17:08:35 connect failed
Fri Oct 23, 17:08:35 All connection attempted, but failed
Fri Oct 23, 17:08:35 Failed to open TCP port! 

Fri Oct 23, 17:09:22 connect failed
Fri Oct 23, 17:09:22 All connection attempted, but failed
Fri Oct 23, 17:09:22 Failed to open TCP port! 

Fri Oct 23, 17:10:09 connect failed
Fri Oct 23, 17:10:09 All connection attempted, but failed
Fri Oct 23, 17:10:09 Failed to open TCP port! 

Fri Oct 23, 17:10:56 connect failed
Fri Oct 23, 17:10:56 All connection attempted, but failed
Fri Oct 23, 17:10:56 Failed to open TCP port! 

Fri Oct 23, 17:11:43 connect failed
Fri Oct 23, 17:11:43 All connection attempted, but failed
Fri Oct 23, 17:11:43 Failed to open TCP port! 

Fri Oct 23, 17:23:12 Read socket length < 0 and err is 10051.

Fri Oct 23, 17:23:12 Read socket length < 0 and err is 10051.

Fri Oct 23, 17:23:12 Read socket length < 0 and err is 10051.

Fri Oct 23, 17:23:12 Read socket length < 0 and err is 10051.

Fri Oct 23, 17:23:59 connect failed
Fri Oct 23, 17:23:59 All connection attempted, but failed
Fri Oct 23, 17:23:59 Failed to open TCP port! 

Fri Oct 23, 17:23:59 connect failed
Fri Oct 23, 17:23:59 All connection attempted, but failed
Fri Oct 23, 17:23:59 Failed to open TCP port! 

Fri Oct 23, 17:23:59 connect failed
Fri Oct 23, 17:23:59 All connection attempted, but failed
Fri Oct 23, 17:23:59 Failed to open TCP port! 

Fri Oct 23, 17:23:59 connect failed
Fri Oct 23, 17:23:59 All connection attempted, but failed
Fri Oct 23, 17:23:59 Failed to open TCP port! 

Fri Oct 23, 17:24:46 connect failed
Fri Oct 23, 17:24:46 All connection attempted, but failed
Fri Oct 23, 17:24:46 Failed to open TCP port! 

Fri Oct 23, 17:24:46 connect failed
Fri Oct 23, 17:24:46 All connection attempted, but failed
Fri Oct 23, 17:24:46 Failed to open TCP port! 

Fri Oct 23, 17:24:46 connect failed
Fri Oct 23, 17:24:46 All connection attempted, but failed
Fri Oct 23, 17:24:46 Failed to open TCP port! 

Fri Oct 23, 17:24:46 connect failed
Fri Oct 23, 17:24:46 All connection attempted, but failed
Fri Oct 23, 17:24:46 Failed to open TCP port! 

Fri Oct 23, 17:25:33 connect failed
Fri Oct 23, 17:25:33 All connection attempted, but failed
Fri Oct 23, 17:25:33 Failed to open TCP port! 

Fri Oct 23, 17:25:33 connect failed
Fri Oct 23, 17:25:33 All connection attempted, but failed
Fri Oct 23, 17:25:33 Failed to open TCP port! 

Fri Oct 23, 17:25:33 connect failed
Fri Oct 23, 17:25:33 All connection attempted, but failed
Fri Oct 23, 17:25:33 Failed to open TCP port! 

Fri Oct 23, 17:25:33 connect failed
Fri Oct 23, 17:25:33 All connection attempted, but failed
Fri Oct 23, 17:25:33 Failed to open TCP port! 

Fri Oct 23, 17:26:20 connect failed
Fri Oct 23, 17:26:20 All connection attempted, but failed
Fri Oct 23, 17:26:20 Failed to open TCP port! 

Fri Oct 23, 17:26:20 connect failed
Fri Oct 23, 17:26:20 All connection attempted, but failed
Fri Oct 23, 17:26:20 Failed to open TCP port! 

Fri Oct 23, 17:26:20 connect failed
Fri Oct 23, 17:26:20 All connection attempted, but failed
Fri Oct 23, 17:26:20 Failed to open TCP port! 

Fri Oct 23, 17:26:20 connect failed
Fri Oct 23, 17:26:20 All connection attempted, but failed
Fri Oct 23, 17:26:20 Failed to open TCP port! 

Fri Oct 23, 17:27:07 connect failed
Fri Oct 23, 17:27:07 All connection attempted, but failed
Fri Oct 23, 17:27:07 Failed to open TCP port! 

Fri Oct 23, 17:27:07 connect failed
Fri Oct 23, 17:27:07 All connection attempted, but failed
Fri Oct 23, 17:27:07 Failed to open TCP port! 

Fri Oct 23, 17:27:07 connect failed
Fri Oct 23, 17:27:07 All connection attempted, but failed
Fri Oct 23, 17:27:07 Failed to open TCP port! 

Fri Oct 23, 17:27:07 connect failed
Fri Oct 23, 17:27:07 All connection attempted, but failed
Fri Oct 23, 17:27:07 Failed to open TCP port! 

Fri Oct 23, 17:27:54 connect failed
Fri Oct 23, 17:27:54 All connection attempted, but failed
Fri Oct 23, 17:27:54 Failed to open TCP port! 

Fri Oct 23, 17:27:54 connect failed
Fri Oct 23, 17:27:54 All connection attempted, but failed
Fri Oct 23, 17:27:54 Failed to open TCP port! 

Fri Oct 23, 17:27:54 connect failed
Fri Oct 23, 17:27:54 All connection attempted, but failed
Fri Oct 23, 17:27:54 Failed to open TCP port! 

Fri Oct 23, 17:27:54 connect failed
Fri Oct 23, 17:27:54 All connection attempted, but failed
Fri Oct 23, 17:27:54 Failed to open TCP port! 

Fri Oct 23, 17:28:41 connect failed
Fri Oct 23, 17:28:41 All connection attempted, but failed
Fri Oct 23, 17:28:41 Failed to open TCP port! 

Fri Oct 23, 17:28:41 connect failed
Fri Oct 23, 17:28:41 All connection attempted, but failed
Fri Oct 23, 17:28:41 Failed to open TCP port! 

Fri Oct 23, 17:28:41 connect failed
Fri Oct 23, 17:28:41 All connection attempted, but failed
Fri Oct 23, 17:28:41 Failed to open TCP port! 

Fri Oct 23, 17:28:41 connect failed
Fri Oct 23, 17:28:41 All connection attempted, but failed
Fri Oct 23, 17:28:41 Failed to open TCP port! 

Fri Oct 23, 17:29:28 connect failed
Fri Oct 23, 17:29:28 All connection attempted, but failed
Fri Oct 23, 17:29:28 Failed to open TCP port! 

Fri Oct 23, 17:29:28 connect failed
Fri Oct 23, 17:29:28 All connection attempted, but failed
Fri Oct 23, 17:29:28 Failed to open TCP port! 

Fri Oct 23, 17:29:28 connect failed
Fri Oct 23, 17:29:28 All connection attempted, but failed
Fri Oct 23, 17:29:28 Failed to open TCP port! 

Fri Oct 23, 17:29:28 connect failed
Fri Oct 23, 17:29:28 All connection attempted, but failed
Fri Oct 23, 17:29:28 Failed to open TCP port! 

Fri Oct 23, 17:30:15 connect failed
Fri Oct 23, 17:30:15 All connection attempted, but failed
Fri Oct 23, 17:30:15 Failed to open TCP port! 

Fri Oct 23, 17:30:15 connect failed
Fri Oct 23, 17:30:15 All connection attempted, but failed
Fri Oct 23, 17:30:15 Failed to open TCP port! 

Fri Oct 23, 17:30:15 connect failed
Fri Oct 23, 17:30:15 All connection attempted, but failed
Fri Oct 23, 17:30:15 Failed to open TCP port! 

Fri Oct 23, 17:30:15 connect failed
Fri Oct 23, 17:30:15 All connection attempted, but failed
Fri Oct 23, 17:30:15 Failed to open TCP port! 

Fri Oct 23, 17:31:02 connect failed
Fri Oct 23, 17:31:02 All connection attempted, but failed
Fri Oct 23, 17:31:02 Failed to open TCP port! 

Fri Oct 23, 17:31:02 connect failed
Fri Oct 23, 17:31:02 All connection attempted, but failed
Fri Oct 23, 17:31:02 Failed to open TCP port! 

Fri Oct 23, 17:31:02 connect failed
Fri Oct 23, 17:31:02 All connection attempted, but failed
Fri Oct 23, 17:31:02 Failed to open TCP port! 

Fri Oct 23, 17:31:02 connect failed
Fri Oct 23, 17:31:02 All connection attempted, but failed
Fri Oct 23, 17:31:02 Failed to open TCP port! 

Fri Oct 23, 17:31:49 connect failed
Fri Oct 23, 17:31:49 All connection attempted, but failed
Fri Oct 23, 17:31:49 Failed to open TCP port! 

Fri Oct 23, 17:31:49 connect failed
Fri Oct 23, 17:31:49 All connection attempted, but failed
Fri Oct 23, 17:31:49 Failed to open TCP port! 

Fri Oct 23, 17:31:49 connect failed
Fri Oct 23, 17:31:49 All connection attempted, but failed
Fri Oct 23, 17:31:49 Failed to open TCP port! 

Fri Oct 23, 17:31:50 connect failed
Fri Oct 23, 17:31:50 All connection attempted, but failed
Fri Oct 23, 17:31:50 Failed to open TCP port! 

Fri Oct 23, 17:32:36 connect failed
Fri Oct 23, 17:32:36 All connection attempted, but failed
Fri Oct 23, 17:32:36 Failed to open TCP port! 

Fri Oct 23, 17:32:36 connect failed
Fri Oct 23, 17:32:36 All connection attempted, but failed
Fri Oct 23, 17:32:36 Failed to open TCP port! 

Fri Oct 23, 17:32:36 connect failed
Fri Oct 23, 17:32:36 All connection attempted, but failed
Fri Oct 23, 17:32:36 Failed to open TCP port! 

Fri Oct 23, 17:32:37 connect failed
Fri Oct 23, 17:32:37 All connection attempted, but failed
Fri Oct 23, 17:32:37 Failed to open TCP port! 

Fri Oct 23, 17:33:23 connect failed
Fri Oct 23, 17:33:23 All connection attempted, but failed
Fri Oct 23, 17:33:23 Failed to open TCP port! 

Fri Oct 23, 17:33:23 connect failed
Fri Oct 23, 17:33:23 All connection attempted, but failed
Fri Oct 23, 17:33:23 Failed to open TCP port! 

Fri Oct 23, 17:33:24 connect failed
Fri Oct 23, 17:33:24 All connection attempted, but failed
Fri Oct 23, 17:33:24 Failed to open TCP port! 

Fri Oct 23, 17:33:24 connect failed
Fri Oct 23, 17:33:24 All connection attempted, but failed
Fri Oct 23, 17:33:24 Failed to open TCP port! 

Fri Oct 23, 17:34:11 connect failed
Fri Oct 23, 17:34:11 All connection attempted, but failed
Fri Oct 23, 17:34:11 Failed to open TCP port! 

Fri Oct 23, 17:34:11 connect failed
Fri Oct 23, 17:34:11 All connection attempted, but failed
Fri Oct 23, 17:34:11 Failed to open TCP port! 

Fri Oct 23, 17:34:11 connect failed
Fri Oct 23, 17:34:11 All connection attempted, but failed
Fri Oct 23, 17:34:11 Failed to open TCP port! 

Fri Oct 23, 17:34:11 connect failed
Fri Oct 23, 17:34:11 All connection attempted, but failed
Fri Oct 23, 17:34:11 Failed to open TCP port! 

Fri Oct 23, 17:34:58 connect failed
Fri Oct 23, 17:34:58 All connection attempted, but failed
Fri Oct 23, 17:34:58 Failed to open TCP port! 

Fri Oct 23, 17:34:58 connect failed
Fri Oct 23, 17:34:58 All connection attempted, but failed
Fri Oct 23, 17:34:58 Failed to open TCP port! 

Fri Oct 23, 17:34:58 connect failed
Fri Oct 23, 17:34:58 All connection attempted, but failed
Fri Oct 23, 17:34:58 Failed to open TCP port! 

Fri Oct 23, 17:34:58 connect failed
Fri Oct 23, 17:34:58 All connection attempted, but failed
Fri Oct 23, 17:34:58 Failed to open TCP port! 

Fri Oct 23, 17:35:45 connect failed
Fri Oct 23, 17:35:45 All connection attempted, but failed
Fri Oct 23, 17:35:45 Failed to open TCP port! 

Fri Oct 23, 17:35:45 connect failed
Fri Oct 23, 17:35:45 All connection attempted, but failed
Fri Oct 23, 17:35:45 Failed to open TCP port! 

Fri Oct 23, 17:35:45 connect failed
Fri Oct 23, 17:35:45 All connection attempted, but failed
Fri Oct 23, 17:35:45 Failed to open TCP port! 

Fri Oct 23, 17:35:45 connect failed
Fri Oct 23, 17:35:45 All connection attempted, but failed
Fri Oct 23, 17:35:45 Failed to open TCP port! 

Fri Oct 23, 17:36:32 connect failed
Fri Oct 23, 17:36:32 All connection attempted, but failed
Fri Oct 23, 17:36:32 Failed to open TCP port! 

Fri Oct 23, 17:36:32 connect failed
Fri Oct 23, 17:36:32 All connection attempted, but failed
Fri Oct 23, 17:36:32 Failed to open TCP port! 

Fri Oct 23, 17:36:32 connect failed
Fri Oct 23, 17:36:32 All connection attempted, but failed
Fri Oct 23, 17:36:32 Failed to open TCP port! 

Fri Oct 23, 17:36:32 connect failed
Fri Oct 23, 17:36:32 All connection attempted, but failed
Fri Oct 23, 17:36:32 Failed to open TCP port! 

Fri Oct 23, 17:37:19 connect failed
Fri Oct 23, 17:37:19 All connection attempted, but failed
Fri Oct 23, 17:37:19 Failed to open TCP port! 

Fri Oct 23, 17:37:19 connect failed
Fri Oct 23, 17:37:19 All connection attempted, but failed
Fri Oct 23, 17:37:19 Failed to open TCP port! 

Fri Oct 23, 17:37:19 connect failed
Fri Oct 23, 17:37:19 All connection attempted, but failed
Fri Oct 23, 17:37:19 Failed to open TCP port! 

Fri Oct 23, 17:37:19 connect failed
Fri Oct 23, 17:37:19 All connection attempted, but failed
Fri Oct 23, 17:37:19 Failed to open TCP port! 

Fri Oct 23, 17:38:06 connect failed
Fri Oct 23, 17:38:06 All connection attempted, but failed
Fri Oct 23, 17:38:06 Failed to open TCP port! 

Fri Oct 23, 17:38:06 connect failed
Fri Oct 23, 17:38:06 All connection attempted, but failed
Fri Oct 23, 17:38:06 Failed to open TCP port! 

Fri Oct 23, 17:38:06 connect failed
Fri Oct 23, 17:38:06 All connection attempted, but failed
Fri Oct 23, 17:38:06 Failed to open TCP port! 

Fri Oct 23, 17:38:06 connect failed
Fri Oct 23, 17:38:06 All connection attempted, but failed
Fri Oct 23, 17:38:06 Failed to open TCP port! 

Fri Oct 23, 17:38:53 connect failed
Fri Oct 23, 17:38:53 All connection attempted, but failed
Fri Oct 23, 17:38:53 Failed to open TCP port! 

Fri Oct 23, 17:38:53 connect failed
Fri Oct 23, 17:38:53 All connection attempted, but failed
Fri Oct 23, 17:38:53 Failed to open TCP port! 

Fri Oct 23, 17:38:53 connect failed
Fri Oct 23, 17:38:53 All connection attempted, but failed
Fri Oct 23, 17:38:53 Failed to open TCP port! 

Fri Oct 23, 17:38:53 connect failed
Fri Oct 23, 17:38:53 All connection attempted, but failed
Fri Oct 23, 17:38:53 Failed to open TCP port! 

Fri Oct 23, 17:39:40 connect failed
Fri Oct 23, 17:39:40 All connection attempted, but failed
Fri Oct 23, 17:39:40 Failed to open TCP port! 

Fri Oct 23, 17:39:40 connect failed
Fri Oct 23, 17:39:40 All connection attempted, but failed
Fri Oct 23, 17:39:40 Failed to open TCP port! 

Fri Oct 23, 17:39:40 connect failed
Fri Oct 23, 17:39:40 All connection attempted, but failed
Fri Oct 23, 17:39:40 Failed to open TCP port! 

Fri Oct 23, 17:39:40 connect failed
Fri Oct 23, 17:39:40 All connection attempted, but failed
Fri Oct 23, 17:39:40 Failed to open TCP port! 

Fri Oct 23, 17:40:27 connect failed
Fri Oct 23, 17:40:27 All connection attempted, but failed
Fri Oct 23, 17:40:27 Failed to open TCP port! 

Fri Oct 23, 17:40:27 connect failed
Fri Oct 23, 17:40:27 All connection attempted, but failed
Fri Oct 23, 17:40:27 Failed to open TCP port! 

Fri Oct 23, 17:40:27 connect failed
Fri Oct 23, 17:40:27 All connection attempted, but failed
Fri Oct 23, 17:40:27 Failed to open TCP port! 

Fri Oct 23, 17:40:27 connect failed
Fri Oct 23, 17:40:27 All connection attempted, but failed
Fri Oct 23, 17:40:27 Failed to open TCP port! 

Fri Oct 23, 17:41:14 connect failed
Fri Oct 23, 17:41:14 All connection attempted, but failed
Fri Oct 23, 17:41:14 Failed to open TCP port! 

Fri Oct 23, 17:41:14 connect failed
Fri Oct 23, 17:41:14 All connection attempted, but failed
Fri Oct 23, 17:41:14 Failed to open TCP port! 

Fri Oct 23, 17:41:14 connect failed
Fri Oct 23, 17:41:14 All connection attempted, but failed
Fri Oct 23, 17:41:14 Failed to open TCP port! 

Fri Oct 23, 17:41:14 connect failed
Fri Oct 23, 17:41:14 All connection attempted, but failed
Fri Oct 23, 17:41:14 Failed to open TCP port! 

Fri Oct 23, 17:42:01 connect failed
Fri Oct 23, 17:42:01 All connection attempted, but failed
Fri Oct 23, 17:42:01 Failed to open TCP port! 

Fri Oct 23, 17:42:01 connect failed
Fri Oct 23, 17:42:01 All connection attempted, but failed
Fri Oct 23, 17:42:01 Failed to open TCP port! 

Fri Oct 23, 17:42:01 connect failed
Fri Oct 23, 17:42:01 All connection attempted, but failed
Fri Oct 23, 17:42:01 Failed to open TCP port! 

Fri Oct 23, 17:42:01 connect failed
Fri Oct 23, 17:42:01 All connection attempted, but failed
Fri Oct 23, 17:42:01 Failed to open TCP port! 

Fri Oct 23, 17:42:48 connect failed
Fri Oct 23, 17:42:48 All connection attempted, but failed
Fri Oct 23, 17:42:48 Failed to open TCP port! 

Fri Oct 23, 17:42:48 connect failed
Fri Oct 23, 17:42:48 All connection attempted, but failed
Fri Oct 23, 17:42:48 Failed to open TCP port! 

Fri Oct 23, 17:42:48 connect failed
Fri Oct 23, 17:42:48 All connection attempted, but failed
Fri Oct 23, 17:42:48 Failed to open TCP port! 

Fri Oct 23, 17:42:48 connect failed
Fri Oct 23, 17:42:48 All connection attempted, but failed
Fri Oct 23, 17:42:48 Failed to open TCP port! 

Fri Oct 23, 17:43:35 connect failed
Fri Oct 23, 17:43:35 All connection attempted, but failed
Fri Oct 23, 17:43:35 Failed to open TCP port! 

Fri Oct 23, 17:43:35 connect failed
Fri Oct 23, 17:43:35 All connection attempted, but failed
Fri Oct 23, 17:43:35 Failed to open TCP port! 

Fri Oct 23, 17:43:35 connect failed
Fri Oct 23, 17:43:35 All connection attempted, but failed
Fri Oct 23, 17:43:35 Failed to open TCP port! 

Fri Oct 23, 17:43:35 connect failed
Fri Oct 23, 17:43:35 All connection attempted, but failed
Fri Oct 23, 17:43:35 Failed to open TCP port! 

Fri Oct 23, 17:44:22 connect failed
Fri Oct 23, 17:44:22 All connection attempted, but failed
Fri Oct 23, 17:44:22 Failed to open TCP port! 

Fri Oct 23, 17:44:22 connect failed
Fri Oct 23, 17:44:22 All connection attempted, but failed
Fri Oct 23, 17:44:22 Failed to open TCP port! 

Fri Oct 23, 17:44:22 connect failed
Fri Oct 23, 17:44:22 All connection attempted, but failed
Fri Oct 23, 17:44:22 Failed to open TCP port! 

Fri Oct 23, 17:44:22 connect failed
Fri Oct 23, 17:44:22 All connection attempted, but failed
Fri Oct 23, 17:44:22 Failed to open TCP port! 

Fri Oct 23, 17:45:09 connect failed
Fri Oct 23, 17:45:09 All connection attempted, but failed
Fri Oct 23, 17:45:09 Failed to open TCP port! 

Fri Oct 23, 17:45:09 connect failed
Fri Oct 23, 17:45:09 All connection attempted, but failed
Fri Oct 23, 17:45:09 Failed to open TCP port! 

Fri Oct 23, 17:45:09 connect failed
Fri Oct 23, 17:45:09 All connection attempted, but failed
Fri Oct 23, 17:45:09 Failed to open TCP port! 

Fri Oct 23, 17:45:09 connect failed
Fri Oct 23, 17:45:09 All connection attempted, but failed
Fri Oct 23, 17:45:09 Failed to open TCP port! 

Fri Oct 23, 17:45:56 connect failed
Fri Oct 23, 17:45:56 All connection attempted, but failed
Fri Oct 23, 17:45:56 Failed to open TCP port! 

Fri Oct 23, 17:45:56 connect failed
Fri Oct 23, 17:45:56 All connection attempted, but failed
Fri Oct 23, 17:45:56 Failed to open TCP port! 

Fri Oct 23, 17:45:56 connect failed
Fri Oct 23, 17:45:56 All connection attempted, but failed
Fri Oct 23, 17:45:56 Failed to open TCP port! 

Fri Oct 23, 17:45:56 connect failed
Fri Oct 23, 17:45:56 All connection attempted, but failed
Fri Oct 23, 17:45:56 Failed to open TCP port! 

Fri Oct 23, 17:46:43 connect failed
Fri Oct 23, 17:46:43 All connection attempted, but failed
Fri Oct 23, 17:46:43 Failed to open TCP port! 

Fri Oct 23, 17:46:43 connect failed
Fri Oct 23, 17:46:43 All connection attempted, but failed
Fri Oct 23, 17:46:43 Failed to open TCP port! 

Fri Oct 23, 17:46:43 connect failed
Fri Oct 23, 17:46:43 All connection attempted, but failed
Fri Oct 23, 17:46:43 Failed to open TCP port! 

Fri Oct 23, 17:46:43 connect failed
Fri Oct 23, 17:46:43 All connection attempted, but failed
Fri Oct 23, 17:46:43 Failed to open TCP port! 

Fri Oct 23, 17:47:30 connect failed
Fri Oct 23, 17:47:30 All connection attempted, but failed
Fri Oct 23, 17:47:30 Failed to open TCP port! 

Fri Oct 23, 17:47:30 connect failed
Fri Oct 23, 17:47:30 All connection attempted, but failed
Fri Oct 23, 17:47:30 Failed to open TCP port! 

Fri Oct 23, 17:47:30 connect failed
Fri Oct 23, 17:47:30 All connection attempted, but failed
Fri Oct 23, 17:47:30 Failed to open TCP port! 

Fri Oct 23, 17:47:30 connect failed
Fri Oct 23, 17:47:30 All connection attempted, but failed
Fri Oct 23, 17:47:30 Failed to open TCP port! 

Fri Oct 23, 17:48:17 connect failed
Fri Oct 23, 17:48:17 All connection attempted, but failed
Fri Oct 23, 17:48:17 Failed to open TCP port! 

Fri Oct 23, 17:48:17 connect failed
Fri Oct 23, 17:48:17 All connection attempted, but failed
Fri Oct 23, 17:48:17 Failed to open TCP port! 

Fri Oct 23, 17:48:17 connect failed
Fri Oct 23, 17:48:17 All connection attempted, but failed
Fri Oct 23, 17:48:17 Failed to open TCP port! 

Fri Oct 23, 17:48:17 connect failed
Fri Oct 23, 17:48:17 All connection attempted, but failed
Fri Oct 23, 17:48:17 Failed to open TCP port! 

Fri Oct 23, 17:49:04 connect failed
Fri Oct 23, 17:49:04 All connection attempted, but failed
Fri Oct 23, 17:49:04 Failed to open TCP port! 

Fri Oct 23, 17:49:04 connect failed
Fri Oct 23, 17:49:04 All connection attempted, but failed
Fri Oct 23, 17:49:04 Failed to open TCP port! 

Fri Oct 23, 17:49:04 connect failed
Fri Oct 23, 17:49:04 All connection attempted, but failed
Fri Oct 23, 17:49:04 Failed to open TCP port! 

Fri Oct 23, 17:49:04 connect failed
Fri Oct 23, 17:49:04 All connection attempted, but failed
Fri Oct 23, 17:49:04 Failed to open TCP port! 

Fri Oct 23, 17:49:51 connect failed
Fri Oct 23, 17:49:51 All connection attempted, but failed
Fri Oct 23, 17:49:51 Failed to open TCP port! 

Fri Oct 23, 17:49:51 connect failed
Fri Oct 23, 17:49:51 All connection attempted, but failed
Fri Oct 23, 17:49:51 Failed to open TCP port! 

Fri Oct 23, 17:49:51 connect failed
Fri Oct 23, 17:49:51 All connection attempted, but failed
Fri Oct 23, 17:49:51 Failed to open TCP port! 

Fri Oct 23, 17:49:51 connect failed
Fri Oct 23, 17:49:51 All connection attempted, but failed
Fri Oct 23, 17:49:51 Failed to open TCP port! 

Fri Oct 23, 17:50:38 connect failed
Fri Oct 23, 17:50:38 All connection attempted, but failed
Fri Oct 23, 17:50:38 Failed to open TCP port! 

Fri Oct 23, 17:50:38 connect failed
Fri Oct 23, 17:50:38 All connection attempted, but failed
Fri Oct 23, 17:50:38 Failed to open TCP port! 

Fri Oct 23, 17:50:38 connect failed
Fri Oct 23, 17:50:38 All connection attempted, but failed
Fri Oct 23, 17:50:38 Failed to open TCP port! 

Fri Oct 23, 17:50:38 connect failed
Fri Oct 23, 17:50:38 All connection attempted, but failed
Fri Oct 23, 17:50:38 Failed to open TCP port! 

Fri Oct 23, 17:51:25 connect failed
Fri Oct 23, 17:51:25 All connection attempted, but failed
Fri Oct 23, 17:51:25 Failed to open TCP port! 

Fri Oct 23, 17:51:25 connect failed
Fri Oct 23, 17:51:25 All connection attempted, but failed
Fri Oct 23, 17:51:25 Failed to open TCP port! 

Fri Oct 23, 17:51:25 connect failed
Fri Oct 23, 17:51:25 All connection attempted, but failed
Fri Oct 23, 17:51:25 Failed to open TCP port! 

Fri Oct 23, 17:51:25 connect failed
Fri Oct 23, 17:51:25 All connection attempted, but failed
Fri Oct 23, 17:51:25 Failed to open TCP port! 

Fri Oct 23, 17:52:12 connect failed
Fri Oct 23, 17:52:12 All connection attempted, but failed
Fri Oct 23, 17:52:12 Failed to open TCP port! 

Fri Oct 23, 17:52:12 connect failed
Fri Oct 23, 17:52:12 All connection attempted, but failed
Fri Oct 23, 17:52:12 Failed to open TCP port! 

Fri Oct 23, 17:52:12 connect failed
Fri Oct 23, 17:52:12 All connection attempted, but failed
Fri Oct 23, 17:52:12 Failed to open TCP port! 

Fri Oct 23, 17:52:12 connect failed
Fri Oct 23, 17:52:12 All connection attempted, but failed
Fri Oct 23, 17:52:12 Failed to open TCP port! 

Fri Oct 23, 17:52:59 connect failed
Fri Oct 23, 17:52:59 All connection attempted, but failed
Fri Oct 23, 17:52:59 Failed to open TCP port! 

Fri Oct 23, 17:52:59 connect failed
Fri Oct 23, 17:52:59 All connection attempted, but failed
Fri Oct 23, 17:52:59 Failed to open TCP port! 

Fri Oct 23, 17:52:59 connect failed
Fri Oct 23, 17:52:59 All connection attempted, but failed
Fri Oct 23, 17:52:59 Failed to open TCP port! 

Fri Oct 23, 17:52:59 connect failed
Fri Oct 23, 17:52:59 All connection attempted, but failed
Fri Oct 23, 17:52:59 Failed to open TCP port! 

Fri Oct 23, 17:53:46 connect failed
Fri Oct 23, 17:53:46 All connection attempted, but failed
Fri Oct 23, 17:53:46 Failed to open TCP port! 

Fri Oct 23, 17:53:46 connect failed
Fri Oct 23, 17:53:46 All connection attempted, but failed
Fri Oct 23, 17:53:46 Failed to open TCP port! 

Fri Oct 23, 17:53:46 connect failed
Fri Oct 23, 17:53:46 All connection attempted, but failed
Fri Oct 23, 17:53:46 Failed to open TCP port! 

Fri Oct 23, 17:53:46 connect failed
Fri Oct 23, 17:53:46 All connection attempted, but failed
Fri Oct 23, 17:53:46 Failed to open TCP port! 

Fri Oct 23, 17:54:33 connect failed
Fri Oct 23, 17:54:33 All connection attempted, but failed
Fri Oct 23, 17:54:33 Failed to open TCP port! 

Fri Oct 23, 17:54:33 connect failed
Fri Oct 23, 17:54:33 All connection attempted, but failed
Fri Oct 23, 17:54:33 Failed to open TCP port! 

Fri Oct 23, 17:54:33 connect failed
Fri Oct 23, 17:54:33 All connection attempted, but failed
Fri Oct 23, 17:54:33 Failed to open TCP port! 

Fri Oct 23, 17:54:33 connect failed
Fri Oct 23, 17:54:33 All connection attempted, but failed
Fri Oct 23, 17:54:33 Failed to open TCP port! 

Fri Oct 23, 17:55:20 connect failed
Fri Oct 23, 17:55:20 All connection attempted, but failed
Fri Oct 23, 17:55:20 Failed to open TCP port! 

Fri Oct 23, 17:55:20 connect failed
Fri Oct 23, 17:55:20 All connection attempted, but failed
Fri Oct 23, 17:55:20 Failed to open TCP port! 

Fri Oct 23, 17:55:20 connect failed
Fri Oct 23, 17:55:20 All connection attempted, but failed
Fri Oct 23, 17:55:20 Failed to open TCP port! 

Fri Oct 23, 17:55:20 connect failed
Fri Oct 23, 17:55:20 All connection attempted, but failed
Fri Oct 23, 17:55:20 Failed to open TCP port! 

Fri Oct 23, 17:56:07 connect failed
Fri Oct 23, 17:56:07 All connection attempted, but failed
Fri Oct 23, 17:56:07 Failed to open TCP port! 

Fri Oct 23, 17:56:07 connect failed
Fri Oct 23, 17:56:07 All connection attempted, but failed
Fri Oct 23, 17:56:07 Failed to open TCP port! 

Fri Oct 23, 17:56:07 connect failed
Fri Oct 23, 17:56:07 All connection attempted, but failed
Fri Oct 23, 17:56:07 Failed to open TCP port! 

Fri Oct 23, 17:56:07 connect failed
Fri Oct 23, 17:56:07 All connection attempted, but failed
Fri Oct 23, 17:56:07 Failed to open TCP port! 

Fri Oct 23, 17:56:54 connect failed
Fri Oct 23, 17:56:54 All connection attempted, but failed
Fri Oct 23, 17:56:54 Failed to open TCP port! 

Fri Oct 23, 17:56:54 connect failed
Fri Oct 23, 17:56:54 All connection attempted, but failed
Fri Oct 23, 17:56:54 Failed to open TCP port! 

Fri Oct 23, 17:56:54 connect failed
Fri Oct 23, 17:56:54 All connection attempted, but failed
Fri Oct 23, 17:56:54 Failed to open TCP port! 

Fri Oct 23, 17:56:54 connect failed
Fri Oct 23, 17:56:54 All connection attempted, but failed
Fri Oct 23, 17:56:54 Failed to open TCP port! 

Fri Oct 23, 17:57:41 connect failed
Fri Oct 23, 17:57:41 All connection attempted, but failed
Fri Oct 23, 17:57:41 Failed to open TCP port! 

Fri Oct 23, 17:57:41 connect failed
Fri Oct 23, 17:57:41 All connection attempted, but failed
Fri Oct 23, 17:57:41 Failed to open TCP port! 

Fri Oct 23, 17:57:41 connect failed
Fri Oct 23, 17:57:41 All connection attempted, but failed
Fri Oct 23, 17:57:41 Failed to open TCP port! 

Fri Oct 23, 17:57:41 connect failed
Fri Oct 23, 17:57:41 All connection attempted, but failed
Fri Oct 23, 17:57:41 Failed to open TCP port! 

Fri Oct 23, 17:58:28 connect failed
Fri Oct 23, 17:58:28 All connection attempted, but failed
Fri Oct 23, 17:58:28 Failed to open TCP port! 

Fri Oct 23, 17:58:28 connect failed
Fri Oct 23, 17:58:28 All connection attempted, but failed
Fri Oct 23, 17:58:28 Failed to open TCP port! 

Fri Oct 23, 17:58:28 connect failed
Fri Oct 23, 17:58:28 All connection attempted, but failed
Fri Oct 23, 17:58:28 Failed to open TCP port! 

Fri Oct 23, 17:58:28 connect failed
Fri Oct 23, 17:58:28 All connection attempted, but failed
Fri Oct 23, 17:58:28 Failed to open TCP port! 

Fri Oct 23, 17:59:15 connect failed
Fri Oct 23, 17:59:15 All connection attempted, but failed
Fri Oct 23, 17:59:15 Failed to open TCP port! 

Fri Oct 23, 17:59:15 connect failed
Fri Oct 23, 17:59:15 All connection attempted, but failed
Fri Oct 23, 17:59:15 Failed to open TCP port! 

Fri Oct 23, 17:59:15 connect failed
Fri Oct 23, 17:59:15 All connection attempted, but failed
Fri Oct 23, 17:59:15 Failed to open TCP port! 

Fri Oct 23, 17:59:15 connect failed
Fri Oct 23, 17:59:15 All connection attempted, but failed
Fri Oct 23, 17:59:15 Failed to open TCP port! 

Fri Oct 23, 18:00:02 connect failed
Fri Oct 23, 18:00:02 All connection attempted, but failed
Fri Oct 23, 18:00:02 Failed to open TCP port! 

Fri Oct 23, 18:00:02 connect failed
Fri Oct 23, 18:00:02 All connection attempted, but failed
Fri Oct 23, 18:00:02 Failed to open TCP port! 

Fri Oct 23, 18:00:02 connect failed
Fri Oct 23, 18:00:02 All connection attempted, but failed
Fri Oct 23, 18:00:02 Failed to open TCP port! 

Fri Oct 23, 18:00:02 connect failed
Fri Oct 23, 18:00:02 All connection attempted, but failed
Fri Oct 23, 18:00:02 Failed to open TCP port! 

Fri Oct 23, 18:00:49 connect failed
Fri Oct 23, 18:00:49 All connection attempted, but failed
Fri Oct 23, 18:00:49 Failed to open TCP port! 

Fri Oct 23, 18:00:49 connect failed
Fri Oct 23, 18:00:49 All connection attempted, but failed
Fri Oct 23, 18:00:49 Failed to open TCP port! 

Fri Oct 23, 18:00:49 connect failed
Fri Oct 23, 18:00:49 All connection attempted, but failed
Fri Oct 23, 18:00:49 Failed to open TCP port! 

Fri Oct 23, 18:00:49 connect failed
Fri Oct 23, 18:00:49 All connection attempted, but failed
Fri Oct 23, 18:00:49 Failed to open TCP port! 

Fri Oct 23, 18:01:36 connect failed
Fri Oct 23, 18:01:36 All connection attempted, but failed
Fri Oct 23, 18:01:36 Failed to open TCP port! 

Fri Oct 23, 18:01:36 connect failed
Fri Oct 23, 18:01:36 All connection attempted, but failed
Fri Oct 23, 18:01:36 Failed to open TCP port! 

Fri Oct 23, 18:01:36 connect failed
Fri Oct 23, 18:01:36 All connection attempted, but failed
Fri Oct 23, 18:01:36 Failed to open TCP port! 

Fri Oct 23, 18:01:36 connect failed
Fri Oct 23, 18:01:36 All connection attempted, but failed
Fri Oct 23, 18:01:36 Failed to open TCP port! 

Fri Oct 23, 18:02:23 connect failed
Fri Oct 23, 18:02:23 All connection attempted, but failed
Fri Oct 23, 18:02:23 Failed to open TCP port! 

Fri Oct 23, 18:02:23 connect failed
Fri Oct 23, 18:02:23 All connection attempted, but failed
Fri Oct 23, 18:02:23 Failed to open TCP port! 

Fri Oct 23, 18:02:23 connect failed
Fri Oct 23, 18:02:23 All connection attempted, but failed
Fri Oct 23, 18:02:23 Failed to open TCP port! 

Fri Oct 23, 18:02:23 connect failed
Fri Oct 23, 18:02:23 All connection attempted, but failed
Fri Oct 23, 18:02:23 Failed to open TCP port! 

Fri Oct 23, 18:03:10 connect failed
Fri Oct 23, 18:03:10 All connection attempted, but failed
Fri Oct 23, 18:03:10 Failed to open TCP port! 

Fri Oct 23, 18:03:10 connect failed
Fri Oct 23, 18:03:10 All connection attempted, but failed
Fri Oct 23, 18:03:10 Failed to open TCP port! 

Fri Oct 23, 18:03:10 connect failed
Fri Oct 23, 18:03:10 All connection attempted, but failed
Fri Oct 23, 18:03:10 Failed to open TCP port! 

Fri Oct 23, 18:03:10 connect failed
Fri Oct 23, 18:03:10 All connection attempted, but failed
Fri Oct 23, 18:03:10 Failed to open TCP port! 

Fri Oct 23, 18:03:57 connect failed
Fri Oct 23, 18:03:57 All connection attempted, but failed
Fri Oct 23, 18:03:57 Failed to open TCP port! 

Fri Oct 23, 18:03:57 connect failed
Fri Oct 23, 18:03:57 All connection attempted, but failed
Fri Oct 23, 18:03:57 Failed to open TCP port! 

Fri Oct 23, 18:03:57 connect failed
Fri Oct 23, 18:03:57 All connection attempted, but failed
Fri Oct 23, 18:03:57 Failed to open TCP port! 

Fri Oct 23, 18:03:57 connect failed
Fri Oct 23, 18:03:57 All connection attempted, but failed
Fri Oct 23, 18:03:57 Failed to open TCP port! 

Fri Oct 23, 18:04:44 connect failed
Fri Oct 23, 18:04:44 All connection attempted, but failed
Fri Oct 23, 18:04:44 Failed to open TCP port! 

Fri Oct 23, 18:04:44 connect failed
Fri Oct 23, 18:04:44 All connection attempted, but failed
Fri Oct 23, 18:04:44 Failed to open TCP port! 

Fri Oct 23, 18:04:44 connect failed
Fri Oct 23, 18:04:44 All connection attempted, but failed
Fri Oct 23, 18:04:44 Failed to open TCP port! 

Fri Oct 23, 18:04:44 connect failed
Fri Oct 23, 18:04:44 All connection attempted, but failed
Fri Oct 23, 18:04:44 Failed to open TCP port! 

Fri Oct 23, 18:05:31 connect failed
Fri Oct 23, 18:05:31 All connection attempted, but failed
Fri Oct 23, 18:05:31 Failed to open TCP port! 

Fri Oct 23, 18:05:31 connect failed
Fri Oct 23, 18:05:31 All connection attempted, but failed
Fri Oct 23, 18:05:31 Failed to open TCP port! 

Fri Oct 23, 18:05:31 connect failed
Fri Oct 23, 18:05:31 All connection attempted, but failed
Fri Oct 23, 18:05:31 Failed to open TCP port! 

Fri Oct 23, 18:05:31 connect failed
Fri Oct 23, 18:05:31 All connection attempted, but failed
Fri Oct 23, 18:05:31 Failed to open TCP port! 

Fri Oct 23, 18:06:18 connect failed
Fri Oct 23, 18:06:18 All connection attempted, but failed
Fri Oct 23, 18:06:18 Failed to open TCP port! 

Fri Oct 23, 18:06:18 connect failed
Fri Oct 23, 18:06:18 All connection attempted, but failed
Fri Oct 23, 18:06:18 Failed to open TCP port! 

Fri Oct 23, 18:06:18 connect failed
Fri Oct 23, 18:06:18 All connection attempted, but failed
Fri Oct 23, 18:06:18 Failed to open TCP port! 

Fri Oct 23, 18:06:18 connect failed
Fri Oct 23, 18:06:18 All connection attempted, but failed
Fri Oct 23, 18:06:18 Failed to open TCP port! 

Fri Oct 23, 18:07:05 connect failed
Fri Oct 23, 18:07:05 All connection attempted, but failed
Fri Oct 23, 18:07:05 Failed to open TCP port! 

Fri Oct 23, 18:07:05 connect failed
Fri Oct 23, 18:07:05 All connection attempted, but failed
Fri Oct 23, 18:07:05 Failed to open TCP port! 

Fri Oct 23, 18:07:05 connect failed
Fri Oct 23, 18:07:05 All connection attempted, but failed
Fri Oct 23, 18:07:05 Failed to open TCP port! 

Fri Oct 23, 18:07:05 connect failed
Fri Oct 23, 18:07:05 All connection attempted, but failed
Fri Oct 23, 18:07:05 Failed to open TCP port! 

Fri Oct 23, 18:07:52 connect failed
Fri Oct 23, 18:07:52 All connection attempted, but failed
Fri Oct 23, 18:07:52 Failed to open TCP port! 

Fri Oct 23, 18:07:52 connect failed
Fri Oct 23, 18:07:52 All connection attempted, but failed
Fri Oct 23, 18:07:52 Failed to open TCP port! 

Fri Oct 23, 18:07:52 connect failed
Fri Oct 23, 18:07:52 All connection attempted, but failed
Fri Oct 23, 18:07:52 Failed to open TCP port! 

Fri Oct 23, 18:07:52 connect failed
Fri Oct 23, 18:07:52 All connection attempted, but failed
Fri Oct 23, 18:07:52 Failed to open TCP port! 

Fri Oct 23, 18:08:39 connect failed
Fri Oct 23, 18:08:39 All connection attempted, but failed
Fri Oct 23, 18:08:39 Failed to open TCP port! 

Fri Oct 23, 18:08:39 connect failed
Fri Oct 23, 18:08:39 All connection attempted, but failed
Fri Oct 23, 18:08:39 Failed to open TCP port! 

Fri Oct 23, 18:08:39 connect failed
Fri Oct 23, 18:08:39 All connection attempted, but failed
Fri Oct 23, 18:08:39 Failed to open TCP port! 

Fri Oct 23, 18:08:39 connect failed
Fri Oct 23, 18:08:39 All connection attempted, but failed
Fri Oct 23, 18:08:39 Failed to open TCP port! 

Fri Oct 23, 18:09:26 connect failed
Fri Oct 23, 18:09:26 All connection attempted, but failed
Fri Oct 23, 18:09:26 Failed to open TCP port! 

Fri Oct 23, 18:09:26 connect failed
Fri Oct 23, 18:09:26 All connection attempted, but failed
Fri Oct 23, 18:09:26 Failed to open TCP port! 

Fri Oct 23, 18:09:26 connect failed
Fri Oct 23, 18:09:26 All connection attempted, but failed
Fri Oct 23, 18:09:26 Failed to open TCP port! 

Fri Oct 23, 18:09:26 connect failed
Fri Oct 23, 18:09:26 All connection attempted, but failed
Fri Oct 23, 18:09:26 Failed to open TCP port! 

Fri Oct 23, 18:10:13 connect failed
Fri Oct 23, 18:10:13 All connection attempted, but failed
Fri Oct 23, 18:10:13 Failed to open TCP port! 

Fri Oct 23, 18:10:13 connect failed
Fri Oct 23, 18:10:13 All connection attempted, but failed
Fri Oct 23, 18:10:13 Failed to open TCP port! 

Fri Oct 23, 18:10:13 connect failed
Fri Oct 23, 18:10:13 All connection attempted, but failed
Fri Oct 23, 18:10:13 Failed to open TCP port! 

Fri Oct 23, 18:10:13 connect failed
Fri Oct 23, 18:10:13 All connection attempted, but failed
Fri Oct 23, 18:10:13 Failed to open TCP port! 

Fri Oct 23, 18:11:00 connect failed
Fri Oct 23, 18:11:00 All connection attempted, but failed
Fri Oct 23, 18:11:00 Failed to open TCP port! 

Fri Oct 23, 18:11:00 connect failed
Fri Oct 23, 18:11:00 All connection attempted, but failed
Fri Oct 23, 18:11:00 Failed to open TCP port! 

Fri Oct 23, 18:11:00 connect failed
Fri Oct 23, 18:11:00 All connection attempted, but failed
Fri Oct 23, 18:11:00 Failed to open TCP port! 

Fri Oct 23, 18:11:00 connect failed
Fri Oct 23, 18:11:00 All connection attempted, but failed
Fri Oct 23, 18:11:00 Failed to open TCP port! 

Fri Oct 23, 18:11:47 connect failed
Fri Oct 23, 18:11:47 All connection attempted, but failed
Fri Oct 23, 18:11:47 Failed to open TCP port! 

Fri Oct 23, 18:11:47 connect failed
Fri Oct 23, 18:11:47 All connection attempted, but failed
Fri Oct 23, 18:11:47 Failed to open TCP port! 

Fri Oct 23, 18:11:47 connect failed
Fri Oct 23, 18:11:47 All connection attempted, but failed
Fri Oct 23, 18:11:47 Failed to open TCP port! 

Fri Oct 23, 18:11:47 connect failed
Fri Oct 23, 18:11:47 All connection attempted, but failed
Fri Oct 23, 18:11:47 Failed to open TCP port! 

Fri Oct 23, 18:12:34 connect failed
Fri Oct 23, 18:12:34 All connection attempted, but failed
Fri Oct 23, 18:12:34 Failed to open TCP port! 

Fri Oct 23, 18:12:34 connect failed
Fri Oct 23, 18:12:34 All connection attempted, but failed
Fri Oct 23, 18:12:34 Failed to open TCP port! 

Fri Oct 23, 18:12:34 connect failed
Fri Oct 23, 18:12:34 All connection attempted, but failed
Fri Oct 23, 18:12:34 Failed to open TCP port! 

Fri Oct 23, 18:12:34 connect failed
Fri Oct 23, 18:12:34 All connection attempted, but failed
Fri Oct 23, 18:12:34 Failed to open TCP port! 

Fri Oct 23, 18:13:21 connect failed
Fri Oct 23, 18:13:21 All connection attempted, but failed
Fri Oct 23, 18:13:21 Failed to open TCP port! 

Fri Oct 23, 18:13:21 connect failed
Fri Oct 23, 18:13:21 All connection attempted, but failed
Fri Oct 23, 18:13:21 Failed to open TCP port! 

Fri Oct 23, 18:13:21 connect failed
Fri Oct 23, 18:13:21 All connection attempted, but failed
Fri Oct 23, 18:13:21 Failed to open TCP port! 

Fri Oct 23, 18:13:21 connect failed
Fri Oct 23, 18:13:21 All connection attempted, but failed
Fri Oct 23, 18:13:21 Failed to open TCP port! 

Fri Oct 23, 18:14:08 connect failed
Fri Oct 23, 18:14:08 All connection attempted, but failed
Fri Oct 23, 18:14:08 Failed to open TCP port! 

Fri Oct 23, 18:14:08 connect failed
Fri Oct 23, 18:14:08 All connection attempted, but failed
Fri Oct 23, 18:14:08 Failed to open TCP port! 

Fri Oct 23, 18:14:08 connect failed
Fri Oct 23, 18:14:08 All connection attempted, but failed
Fri Oct 23, 18:14:08 Failed to open TCP port! 

Fri Oct 23, 18:14:08 connect failed
Fri Oct 23, 18:14:08 All connection attempted, but failed
Fri Oct 23, 18:14:08 Failed to open TCP port! 

Fri Oct 23, 18:14:55 connect failed
Fri Oct 23, 18:14:55 All connection attempted, but failed
Fri Oct 23, 18:14:55 Failed to open TCP port! 

Fri Oct 23, 18:14:55 connect failed
Fri Oct 23, 18:14:55 All connection attempted, but failed
Fri Oct 23, 18:14:55 Failed to open TCP port! 

Fri Oct 23, 18:14:55 connect failed
Fri Oct 23, 18:14:55 All connection attempted, but failed
Fri Oct 23, 18:14:55 Failed to open TCP port! 

Fri Oct 23, 18:14:55 connect failed
Fri Oct 23, 18:14:55 All connection attempted, but failed
Fri Oct 23, 18:14:55 Failed to open TCP port! 

Fri Oct 23, 18:15:42 connect failed
Fri Oct 23, 18:15:42 All connection attempted, but failed
Fri Oct 23, 18:15:42 Failed to open TCP port! 

Fri Oct 23, 18:15:42 connect failed
Fri Oct 23, 18:15:42 All connection attempted, but failed
Fri Oct 23, 18:15:42 Failed to open TCP port! 

Fri Oct 23, 18:15:42 connect failed
Fri Oct 23, 18:15:42 All connection attempted, but failed
Fri Oct 23, 18:15:42 Failed to open TCP port! 

Fri Oct 23, 18:15:42 connect failed
Fri Oct 23, 18:15:42 All connection attempted, but failed
Fri Oct 23, 18:15:42 Failed to open TCP port! 

Fri Oct 23, 18:16:29 connect failed
Fri Oct 23, 18:16:29 All connection attempted, but failed
Fri Oct 23, 18:16:29 Failed to open TCP port! 

Fri Oct 23, 18:16:29 connect failed
Fri Oct 23, 18:16:29 All connection attempted, but failed
Fri Oct 23, 18:16:29 Failed to open TCP port! 

Fri Oct 23, 18:16:29 connect failed
Fri Oct 23, 18:16:29 All connection attempted, but failed
Fri Oct 23, 18:16:29 Failed to open TCP port! 

Fri Oct 23, 18:16:29 connect failed
Fri Oct 23, 18:16:29 All connection attempted, but failed
Fri Oct 23, 18:16:29 Failed to open TCP port! 

Fri Oct 23, 18:17:16 connect failed
Fri Oct 23, 18:17:16 All connection attempted, but failed
Fri Oct 23, 18:17:16 Failed to open TCP port! 

Fri Oct 23, 18:17:16 connect failed
Fri Oct 23, 18:17:16 All connection attempted, but failed
Fri Oct 23, 18:17:16 Failed to open TCP port! 

Fri Oct 23, 18:17:16 connect failed
Fri Oct 23, 18:17:16 All connection attempted, but failed
Fri Oct 23, 18:17:16 Failed to open TCP port! 

Fri Oct 23, 18:17:16 connect failed
Fri Oct 23, 18:17:16 All connection attempted, but failed
Fri Oct 23, 18:17:16 Failed to open TCP port! 

Fri Oct 23, 18:18:03 connect failed
Fri Oct 23, 18:18:03 All connection attempted, but failed
Fri Oct 23, 18:18:03 Failed to open TCP port! 

Fri Oct 23, 18:18:03 connect failed
Fri Oct 23, 18:18:03 All connection attempted, but failed
Fri Oct 23, 18:18:03 Failed to open TCP port! 

Fri Oct 23, 18:18:03 connect failed
Fri Oct 23, 18:18:03 All connection attempted, but failed
Fri Oct 23, 18:18:03 Failed to open TCP port! 

Fri Oct 23, 18:18:03 connect failed
Fri Oct 23, 18:18:03 All connection attempted, but failed
Fri Oct 23, 18:18:03 Failed to open TCP port! 

Fri Oct 23, 18:18:50 connect failed
Fri Oct 23, 18:18:50 All connection attempted, but failed
Fri Oct 23, 18:18:50 Failed to open TCP port! 

Fri Oct 23, 18:18:50 connect failed
Fri Oct 23, 18:18:50 All connection attempted, but failed
Fri Oct 23, 18:18:50 Failed to open TCP port! 

Fri Oct 23, 18:18:50 connect failed
Fri Oct 23, 18:18:50 All connection attempted, but failed
Fri Oct 23, 18:18:50 Failed to open TCP port! 

Fri Oct 23, 18:18:50 connect failed
Fri Oct 23, 18:18:50 All connection attempted, but failed
Fri Oct 23, 18:18:50 Failed to open TCP port! 

Fri Oct 23, 18:19:37 connect failed
Fri Oct 23, 18:19:37 All connection attempted, but failed
Fri Oct 23, 18:19:37 Failed to open TCP port! 

Fri Oct 23, 18:19:37 connect failed
Fri Oct 23, 18:19:37 All connection attempted, but failed
Fri Oct 23, 18:19:37 Failed to open TCP port! 

Fri Oct 23, 18:19:37 connect failed
Fri Oct 23, 18:19:37 All connection attempted, but failed
Fri Oct 23, 18:19:37 Failed to open TCP port! 

Fri Oct 23, 18:19:37 connect failed
Fri Oct 23, 18:19:37 All connection attempted, but failed
Fri Oct 23, 18:19:37 Failed to open TCP port! 

Fri Oct 23, 18:20:24 connect failed
Fri Oct 23, 18:20:24 All connection attempted, but failed
Fri Oct 23, 18:20:24 Failed to open TCP port! 

Fri Oct 23, 18:20:24 connect failed
Fri Oct 23, 18:20:24 All connection attempted, but failed
Fri Oct 23, 18:20:24 Failed to open TCP port! 

Fri Oct 23, 18:20:24 connect failed
Fri Oct 23, 18:20:24 All connection attempted, but failed
Fri Oct 23, 18:20:24 Failed to open TCP port! 

Fri Oct 23, 18:20:24 connect failed
Fri Oct 23, 18:20:24 All connection attempted, but failed
Fri Oct 23, 18:20:24 Failed to open TCP port! 

Fri Oct 23, 18:21:11 connect failed
Fri Oct 23, 18:21:11 All connection attempted, but failed
Fri Oct 23, 18:21:11 Failed to open TCP port! 

Fri Oct 23, 18:21:11 connect failed
Fri Oct 23, 18:21:11 All connection attempted, but failed
Fri Oct 23, 18:21:11 Failed to open TCP port! 

Fri Oct 23, 18:21:11 connect failed
Fri Oct 23, 18:21:11 All connection attempted, but failed
Fri Oct 23, 18:21:11 Failed to open TCP port! 

Fri Oct 23, 18:21:11 connect failed
Fri Oct 23, 18:21:11 All connection attempted, but failed
Fri Oct 23, 18:21:11 Failed to open TCP port! 

Fri Oct 23, 18:21:58 connect failed
Fri Oct 23, 18:21:58 All connection attempted, but failed
Fri Oct 23, 18:21:58 Failed to open TCP port! 

Fri Oct 23, 18:21:58 connect failed
Fri Oct 23, 18:21:58 All connection attempted, but failed
Fri Oct 23, 18:21:58 Failed to open TCP port! 

Fri Oct 23, 18:21:58 connect failed
Fri Oct 23, 18:21:58 All connection attempted, but failed
Fri Oct 23, 18:21:58 Failed to open TCP port! 

Fri Oct 23, 18:21:58 connect failed
Fri Oct 23, 18:21:58 All connection attempted, but failed
Fri Oct 23, 18:21:58 Failed to open TCP port! 

Fri Oct 23, 18:22:45 connect failed
Fri Oct 23, 18:22:45 All connection attempted, but failed
Fri Oct 23, 18:22:45 Failed to open TCP port! 

Fri Oct 23, 18:22:45 connect failed
Fri Oct 23, 18:22:45 All connection attempted, but failed
Fri Oct 23, 18:22:45 Failed to open TCP port! 

Fri Oct 23, 18:22:45 connect failed
Fri Oct 23, 18:22:45 All connection attempted, but failed
Fri Oct 23, 18:22:45 Failed to open TCP port! 

Fri Oct 23, 18:22:45 connect failed
Fri Oct 23, 18:22:45 All connection attempted, but failed
Fri Oct 23, 18:22:45 Failed to open TCP port! 

Fri Oct 23, 18:23:32 connect failed
Fri Oct 23, 18:23:32 All connection attempted, but failed
Fri Oct 23, 18:23:32 Failed to open TCP port! 

Fri Oct 23, 18:23:32 connect failed
Fri Oct 23, 18:23:32 All connection attempted, but failed
Fri Oct 23, 18:23:32 Failed to open TCP port! 

Fri Oct 23, 18:23:32 connect failed
Fri Oct 23, 18:23:32 All connection attempted, but failed
Fri Oct 23, 18:23:32 Failed to open TCP port! 

Fri Oct 23, 18:23:32 connect failed
Fri Oct 23, 18:23:32 All connection attempted, but failed
Fri Oct 23, 18:23:32 Failed to open TCP port! 

Fri Oct 23, 18:24:19 connect failed
Fri Oct 23, 18:24:19 All connection attempted, but failed
Fri Oct 23, 18:24:19 Failed to open TCP port! 

Fri Oct 23, 18:24:19 connect failed
Fri Oct 23, 18:24:19 All connection attempted, but failed
Fri Oct 23, 18:24:19 Failed to open TCP port! 

Fri Oct 23, 18:24:19 connect failed
Fri Oct 23, 18:24:19 All connection attempted, but failed
Fri Oct 23, 18:24:19 Failed to open TCP port! 

Fri Oct 23, 18:24:19 connect failed
Fri Oct 23, 18:24:19 All connection attempted, but failed
Fri Oct 23, 18:24:19 Failed to open TCP port! 

Fri Oct 23, 18:25:06 connect failed
Fri Oct 23, 18:25:06 All connection attempted, but failed
Fri Oct 23, 18:25:06 Failed to open TCP port! 

Fri Oct 23, 18:25:06 connect failed
Fri Oct 23, 18:25:06 All connection attempted, but failed
Fri Oct 23, 18:25:06 Failed to open TCP port! 

Fri Oct 23, 18:25:06 connect failed
Fri Oct 23, 18:25:06 All connection attempted, but failed
Fri Oct 23, 18:25:06 Failed to open TCP port! 

Fri Oct 23, 18:25:06 connect failed
Fri Oct 23, 18:25:06 All connection attempted, but failed
Fri Oct 23, 18:25:06 Failed to open TCP port! 

Fri Oct 23, 18:25:53 connect failed
Fri Oct 23, 18:25:53 All connection attempted, but failed
Fri Oct 23, 18:25:53 Failed to open TCP port! 

Fri Oct 23, 18:25:53 connect failed
Fri Oct 23, 18:25:53 All connection attempted, but failed
Fri Oct 23, 18:25:53 Failed to open TCP port! 

Fri Oct 23, 18:25:53 connect failed
Fri Oct 23, 18:25:53 All connection attempted, but failed
Fri Oct 23, 18:25:53 Failed to open TCP port! 

Fri Oct 23, 18:25:53 connect failed
Fri Oct 23, 18:25:53 All connection attempted, but failed
Fri Oct 23, 18:25:53 Failed to open TCP port! 

Fri Oct 23, 18:26:40 connect failed
Fri Oct 23, 18:26:40 All connection attempted, but failed
Fri Oct 23, 18:26:40 Failed to open TCP port! 

Fri Oct 23, 18:26:40 connect failed
Fri Oct 23, 18:26:40 All connection attempted, but failed
Fri Oct 23, 18:26:40 Failed to open TCP port! 

Fri Oct 23, 18:26:40 connect failed
Fri Oct 23, 18:26:40 All connection attempted, but failed
Fri Oct 23, 18:26:40 Failed to open TCP port! 

Fri Oct 23, 18:26:40 connect failed
Fri Oct 23, 18:26:40 All connection attempted, but failed
Fri Oct 23, 18:26:40 Failed to open TCP port! 

Fri Oct 23, 18:27:27 connect failed
Fri Oct 23, 18:27:27 All connection attempted, but failed
Fri Oct 23, 18:27:27 Failed to open TCP port! 

Fri Oct 23, 18:27:27 connect failed
Fri Oct 23, 18:27:27 All connection attempted, but failed
Fri Oct 23, 18:27:27 Failed to open TCP port! 

Fri Oct 23, 18:27:27 connect failed
Fri Oct 23, 18:27:27 All connection attempted, but failed
Fri Oct 23, 18:27:27 Failed to open TCP port! 

Fri Oct 23, 18:27:27 connect failed
Fri Oct 23, 18:27:27 All connection attempted, but failed
Fri Oct 23, 18:27:27 Failed to open TCP port! 

Fri Oct 23, 18:28:14 connect failed
Fri Oct 23, 18:28:14 All connection attempted, but failed
Fri Oct 23, 18:28:14 Failed to open TCP port! 

Fri Oct 23, 18:28:14 connect failed
Fri Oct 23, 18:28:14 All connection attempted, but failed
Fri Oct 23, 18:28:14 Failed to open TCP port! 

Fri Oct 23, 18:28:14 connect failed
Fri Oct 23, 18:28:14 All connection attempted, but failed
Fri Oct 23, 18:28:14 Failed to open TCP port! 

Fri Oct 23, 18:28:14 connect failed
Fri Oct 23, 18:28:14 All connection attempted, but failed
Fri Oct 23, 18:28:14 Failed to open TCP port! 

Fri Oct 23, 18:29:01 connect failed
Fri Oct 23, 18:29:01 All connection attempted, but failed
Fri Oct 23, 18:29:01 Failed to open TCP port! 

Fri Oct 23, 18:29:01 connect failed
Fri Oct 23, 18:29:01 All connection attempted, but failed
Fri Oct 23, 18:29:01 Failed to open TCP port! 

Fri Oct 23, 18:29:01 connect failed
Fri Oct 23, 18:29:01 All connection attempted, but failed
Fri Oct 23, 18:29:01 Failed to open TCP port! 

Fri Oct 23, 18:29:01 connect failed
Fri Oct 23, 18:29:01 All connection attempted, but failed
Fri Oct 23, 18:29:01 Failed to open TCP port! 

Fri Oct 23, 18:29:48 connect failed
Fri Oct 23, 18:29:48 All connection attempted, but failed
Fri Oct 23, 18:29:48 Failed to open TCP port! 

Fri Oct 23, 18:29:48 connect failed
Fri Oct 23, 18:29:48 All connection attempted, but failed
Fri Oct 23, 18:29:48 Failed to open TCP port! 

Fri Oct 23, 18:29:48 connect failed
Fri Oct 23, 18:29:48 All connection attempted, but failed
Fri Oct 23, 18:29:48 Failed to open TCP port! 

Fri Oct 23, 18:29:48 connect failed
Fri Oct 23, 18:29:48 All connection attempted, but failed
Fri Oct 23, 18:29:48 Failed to open TCP port! 

Fri Oct 23, 18:30:35 connect failed
Fri Oct 23, 18:30:35 All connection attempted, but failed
Fri Oct 23, 18:30:35 Failed to open TCP port! 

Fri Oct 23, 18:30:35 connect failed
Fri Oct 23, 18:30:35 All connection attempted, but failed
Fri Oct 23, 18:30:35 Failed to open TCP port! 

Fri Oct 23, 18:30:35 connect failed
Fri Oct 23, 18:30:35 All connection attempted, but failed
Fri Oct 23, 18:30:35 Failed to open TCP port! 

Fri Oct 23, 18:30:35 connect failed
Fri Oct 23, 18:30:35 All connection attempted, but failed
Fri Oct 23, 18:30:35 Failed to open TCP port! 

Fri Oct 23, 18:31:22 connect failed
Fri Oct 23, 18:31:22 All connection attempted, but failed
Fri Oct 23, 18:31:22 Failed to open TCP port! 

Fri Oct 23, 18:31:22 connect failed
Fri Oct 23, 18:31:22 All connection attempted, but failed
Fri Oct 23, 18:31:22 Failed to open TCP port! 

Fri Oct 23, 18:31:22 connect failed
Fri Oct 23, 18:31:22 All connection attempted, but failed
Fri Oct 23, 18:31:22 Failed to open TCP port! 

Fri Oct 23, 18:31:22 connect failed
Fri Oct 23, 18:31:22 All connection attempted, but failed
Fri Oct 23, 18:31:22 Failed to open TCP port! 

Fri Oct 23, 18:32:09 connect failed
Fri Oct 23, 18:32:09 All connection attempted, but failed
Fri Oct 23, 18:32:09 Failed to open TCP port! 

Fri Oct 23, 18:32:09 connect failed
Fri Oct 23, 18:32:09 All connection attempted, but failed
Fri Oct 23, 18:32:09 Failed to open TCP port! 

Fri Oct 23, 18:32:09 connect failed
Fri Oct 23, 18:32:09 All connection attempted, but failed
Fri Oct 23, 18:32:09 Failed to open TCP port! 

Fri Oct 23, 18:32:09 connect failed
Fri Oct 23, 18:32:09 All connection attempted, but failed
Fri Oct 23, 18:32:09 Failed to open TCP port! 

Fri Oct 23, 18:32:56 connect failed
Fri Oct 23, 18:32:56 All connection attempted, but failed
Fri Oct 23, 18:32:56 Failed to open TCP port! 

Fri Oct 23, 18:32:56 connect failed
Fri Oct 23, 18:32:56 All connection attempted, but failed
Fri Oct 23, 18:32:56 Failed to open TCP port! 

Fri Oct 23, 18:32:56 connect failed
Fri Oct 23, 18:32:56 All connection attempted, but failed
Fri Oct 23, 18:32:56 Failed to open TCP port! 

Fri Oct 23, 18:32:56 connect failed
Fri Oct 23, 18:32:56 All connection attempted, but failed
Fri Oct 23, 18:32:56 Failed to open TCP port! 

Fri Oct 23, 18:33:43 connect failed
Fri Oct 23, 18:33:43 All connection attempted, but failed
Fri Oct 23, 18:33:43 Failed to open TCP port! 

Fri Oct 23, 18:33:43 connect failed
Fri Oct 23, 18:33:43 All connection attempted, but failed
Fri Oct 23, 18:33:43 Failed to open TCP port! 

Fri Oct 23, 18:33:43 connect failed
Fri Oct 23, 18:33:43 All connection attempted, but failed
Fri Oct 23, 18:33:43 Failed to open TCP port! 

Fri Oct 23, 18:33:43 connect failed
Fri Oct 23, 18:33:43 All connection attempted, but failed
Fri Oct 23, 18:33:43 Failed to open TCP port! 

Fri Oct 23, 18:34:30 connect failed
Fri Oct 23, 18:34:30 All connection attempted, but failed
Fri Oct 23, 18:34:30 Failed to open TCP port! 

Fri Oct 23, 18:34:30 connect failed
Fri Oct 23, 18:34:30 All connection attempted, but failed
Fri Oct 23, 18:34:30 Failed to open TCP port! 

Fri Oct 23, 18:34:30 connect failed
Fri Oct 23, 18:34:30 All connection attempted, but failed
Fri Oct 23, 18:34:30 Failed to open TCP port! 

Fri Oct 23, 18:34:30 connect failed
Fri Oct 23, 18:34:30 All connection attempted, but failed
Fri Oct 23, 18:34:30 Failed to open TCP port! 

Fri Oct 23, 18:35:17 connect failed
Fri Oct 23, 18:35:17 All connection attempted, but failed
Fri Oct 23, 18:35:17 Failed to open TCP port! 

Fri Oct 23, 18:35:17 connect failed
Fri Oct 23, 18:35:17 All connection attempted, but failed
Fri Oct 23, 18:35:17 Failed to open TCP port! 

Fri Oct 23, 18:35:17 connect failed
Fri Oct 23, 18:35:17 All connection attempted, but failed
Fri Oct 23, 18:35:17 Failed to open TCP port! 

Fri Oct 23, 18:35:17 connect failed
Fri Oct 23, 18:35:17 All connection attempted, but failed
Fri Oct 23, 18:35:17 Failed to open TCP port! 

Fri Oct 23, 18:36:04 connect failed
Fri Oct 23, 18:36:04 All connection attempted, but failed
Fri Oct 23, 18:36:04 Failed to open TCP port! 

Fri Oct 23, 18:36:04 connect failed
Fri Oct 23, 18:36:04 All connection attempted, but failed
Fri Oct 23, 18:36:04 Failed to open TCP port! 

Fri Oct 23, 18:36:04 connect failed
Fri Oct 23, 18:36:04 All connection attempted, but failed
Fri Oct 23, 18:36:04 Failed to open TCP port! 

Fri Oct 23, 18:36:04 connect failed
Fri Oct 23, 18:36:04 All connection attempted, but failed
Fri Oct 23, 18:36:04 Failed to open TCP port! 

Fri Oct 23, 18:36:51 connect failed
Fri Oct 23, 18:36:51 All connection attempted, but failed
Fri Oct 23, 18:36:51 Failed to open TCP port! 

Fri Oct 23, 18:36:51 connect failed
Fri Oct 23, 18:36:51 All connection attempted, but failed
Fri Oct 23, 18:36:51 Failed to open TCP port! 

Fri Oct 23, 18:36:51 connect failed
Fri Oct 23, 18:36:51 All connection attempted, but failed
Fri Oct 23, 18:36:51 Failed to open TCP port! 

Fri Oct 23, 18:36:51 connect failed
Fri Oct 23, 18:36:51 All connection attempted, but failed
Fri Oct 23, 18:36:51 Failed to open TCP port! 

Fri Oct 23, 18:37:38 connect failed
Fri Oct 23, 18:37:38 All connection attempted, but failed
Fri Oct 23, 18:37:38 Failed to open TCP port! 

Fri Oct 23, 18:37:38 connect failed
Fri Oct 23, 18:37:38 All connection attempted, but failed
Fri Oct 23, 18:37:38 Failed to open TCP port! 

Fri Oct 23, 18:37:38 connect failed
Fri Oct 23, 18:37:38 All connection attempted, but failed
Fri Oct 23, 18:37:38 Failed to open TCP port! 

Fri Oct 23, 18:37:38 connect failed
Fri Oct 23, 18:37:38 All connection attempted, but failed
Fri Oct 23, 18:37:38 Failed to open TCP port! 

Fri Oct 23, 18:38:25 connect failed
Fri Oct 23, 18:38:25 All connection attempted, but failed
Fri Oct 23, 18:38:25 Failed to open TCP port! 

Fri Oct 23, 18:38:25 connect failed
Fri Oct 23, 18:38:25 All connection attempted, but failed
Fri Oct 23, 18:38:25 Failed to open TCP port! 

Fri Oct 23, 18:38:25 connect failed
Fri Oct 23, 18:38:25 All connection attempted, but failed
Fri Oct 23, 18:38:25 Failed to open TCP port! 

Fri Oct 23, 18:38:25 connect failed
Fri Oct 23, 18:38:25 All connection attempted, but failed
Fri Oct 23, 18:38:25 Failed to open TCP port! 

Fri Oct 23, 18:39:12 connect failed
Fri Oct 23, 18:39:12 All connection attempted, but failed
Fri Oct 23, 18:39:12 Failed to open TCP port! 

Fri Oct 23, 18:39:12 connect failed
Fri Oct 23, 18:39:12 All connection attempted, but failed
Fri Oct 23, 18:39:12 Failed to open TCP port! 

Fri Oct 23, 18:39:12 connect failed
Fri Oct 23, 18:39:12 All connection attempted, but failed
Fri Oct 23, 18:39:12 Failed to open TCP port! 

Fri Oct 23, 18:39:13 connect failed
Fri Oct 23, 18:39:13 All connection attempted, but failed
Fri Oct 23, 18:39:13 Failed to open TCP port! 

Fri Oct 23, 18:39:59 connect failed
Fri Oct 23, 18:39:59 All connection attempted, but failed
Fri Oct 23, 18:39:59 Failed to open TCP port! 

Fri Oct 23, 18:39:59 connect failed
Fri Oct 23, 18:39:59 All connection attempted, but failed
Fri Oct 23, 18:39:59 Failed to open TCP port! 

Fri Oct 23, 18:39:59 connect failed
Fri Oct 23, 18:39:59 All connection attempted, but failed
Fri Oct 23, 18:39:59 Failed to open TCP port! 

Fri Oct 23, 18:40:00 connect failed
Fri Oct 23, 18:40:00 All connection attempted, but failed
Fri Oct 23, 18:40:00 Failed to open TCP port! 

