Mon Nov 09, 13:17:07 underlyingReceive() receive timeOut! 

Mon Nov 09, 13:17:54 connect failed
Mon Nov 09, 13:17:54 All connection attempted, but failed
Mon Nov 09, 13:17:54 Failed to open TCP port! 

Mon Nov 09, 13:18:41 connect failed
Mon Nov 09, 13:18:41 All connection attempted, but failed
Mon Nov 09, 13:18:41 Failed to open TCP port! 

Mon Nov 09, 13:19:28 connect failed
Mon Nov 09, 13:19:28 All connection attempted, but failed
Mon Nov 09, 13:19:28 Failed to open TCP port! 

Mon Nov 09, 13:20:15 connect failed
Mon Nov 09, 13:20:15 All connection attempted, but failed
Mon Nov 09, 13:20:15 Failed to open TCP port! 

Mon Nov 09, 13:21:02 connect failed
Mon Nov 09, 13:21:02 All connection attempted, but failed
Mon Nov 09, 13:21:02 Failed to open TCP port! 

Mon Nov 09, 13:21:49 connect failed
Mon Nov 09, 13:21:49 All connection attempted, but failed
Mon Nov 09, 13:21:49 Failed to open TCP port! 

Mon Nov 09, 13:22:36 connect failed
Mon Nov 09, 13:22:36 All connection attempted, but failed
Mon Nov 09, 13:22:36 Failed to open TCP port! 

Mon Nov 09, 13:23:23 connect failed
Mon Nov 09, 13:23:23 All connection attempted, but failed
Mon Nov 09, 13:23:23 Failed to open TCP port! 

Mon Nov 09, 13:24:10 connect failed
Mon Nov 09, 13:24:10 All connection attempted, but failed
Mon Nov 09, 13:24:10 Failed to open TCP port! 

Mon Nov 09, 13:24:57 connect failed
Mon Nov 09, 13:24:57 All connection attempted, but failed
Mon Nov 09, 13:24:57 Failed to open TCP port! 

Mon Nov 09, 13:25:44 connect failed
Mon Nov 09, 13:25:44 All connection attempted, but failed
Mon Nov 09, 13:25:44 Failed to open TCP port! 

Mon Nov 09, 13:26:31 connect failed
Mon Nov 09, 13:26:31 All connection attempted, but failed
Mon Nov 09, 13:26:31 Failed to open TCP port! 

Mon Nov 09, 13:27:18 connect failed
Mon Nov 09, 13:27:18 All connection attempted, but failed
Mon Nov 09, 13:27:18 Failed to open TCP port! 

Mon Nov 09, 13:28:05 connect failed
Mon Nov 09, 13:28:05 All connection attempted, but failed
Mon Nov 09, 13:28:05 Failed to open TCP port! 

Mon Nov 09, 13:28:52 connect failed
Mon Nov 09, 13:28:52 All connection attempted, but failed
Mon Nov 09, 13:28:52 Failed to open TCP port! 

Mon Nov 09, 13:29:39 connect failed
Mon Nov 09, 13:29:39 All connection attempted, but failed
Mon Nov 09, 13:29:39 Failed to open TCP port! 

Mon Nov 09, 13:30:26 connect failed
Mon Nov 09, 13:30:26 All connection attempted, but failed
Mon Nov 09, 13:30:26 Failed to open TCP port! 

Mon Nov 09, 13:31:13 connect failed
Mon Nov 09, 13:31:13 All connection attempted, but failed
Mon Nov 09, 13:31:13 Failed to open TCP port! 

Mon Nov 09, 13:32:00 connect failed
Mon Nov 09, 13:32:00 All connection attempted, but failed
Mon Nov 09, 13:32:00 Failed to open TCP port! 

Mon Nov 09, 13:32:47 connect failed
Mon Nov 09, 13:32:47 All connection attempted, but failed
Mon Nov 09, 13:32:47 Failed to open TCP port! 

Mon Nov 09, 13:36:51 underlyingReceive() receive timeOut! 

Mon Nov 09, 13:37:05 underlyingReceive() receive timeOut! 

Mon Nov 09, 13:37:49 underlyingReceive() receive timeOut! 

Mon Nov 09, 13:37:52 underlyingReceive() receive timeOut! 

Mon Nov 09, 13:38:34 underlyingReceive() receive timeOut! 

Mon Nov 09, 13:38:36 underlyingReceive() receive timeOut! 

Mon Nov 09, 13:39:18 underlyingReceive() receive timeOut! 

Mon Nov 09, 13:39:22 underlyingReceive() receive timeOut! 

Mon Nov 09, 13:40:53 underlyingReceive() receive timeOut! 

Mon Nov 09, 13:40:54 underlyingReceive() receive timeOut! 

Mon Nov 09, 13:41:29 underlyingReceive() receive timeOut! 

Mon Nov 09, 13:41:30 underlyingReceive() receive timeOut! 

Mon Nov 09, 13:42:32 underlyingReceive() receive timeOut! 

Mon Nov 09, 13:42:34 underlyingReceive() receive timeOut! 

Mon Nov 09, 13:43:19 connect failed
Mon Nov 09, 13:43:19 All connection attempted, but failed
Mon Nov 09, 13:43:19 Failed to open TCP port! 

Mon Nov 09, 13:44:20 underlyingReceive() receive timeOut! 

Mon Nov 09, 13:44:22 underlyingReceive() receive timeOut! 

Mon Nov 09, 13:45:21 underlyingReceive() receive timeOut! 

Mon Nov 09, 13:45:24 underlyingReceive() receive timeOut! 

Mon Nov 09, 13:47:17 underlyingReceive() receive timeOut! 

Mon Nov 09, 13:47:19 underlyingReceive() receive timeOut! 

Mon Nov 09, 13:48:15 underlyingReceive() receive timeOut! 

Mon Nov 09, 13:48:16 underlyingReceive() receive timeOut! 

Mon Nov 09, 13:49:32 underlyingReceive() receive timeOut! 

Mon Nov 09, 13:49:39 underlyingReceive() receive timeOut! 

Mon Nov 09, 13:50:29 underlyingReceive() receive timeOut! 

Mon Nov 09, 13:50:37 underlyingReceive() receive timeOut! 

Mon Nov 09, 13:51:54 underlyingReceive() receive timeOut! 

Mon Nov 09, 13:51:56 underlyingReceive() receive timeOut! 

Mon Nov 09, 13:53:56 underlyingReceive() receive timeOut! 

Mon Nov 09, 13:53:59 underlyingReceive() receive timeOut! 

Mon Nov 09, 13:56:19 underlyingReceive() receive timeOut! 

Mon Nov 09, 13:56:21 underlyingReceive() receive timeOut! 

Mon Nov 09, 13:58:30 underlyingReceive() receive timeOut! 

Mon Nov 09, 13:58:32 underlyingReceive() receive timeOut! 

Mon Nov 09, 14:00:07 underlyingReceive() receive timeOut! 

Mon Nov 09, 14:00:09 underlyingReceive() receive timeOut! 

Mon Nov 09, 14:06:27 underlyingReceive() receive timeOut! 

Mon Nov 09, 14:06:29 underlyingReceive() receive timeOut! 

Mon Nov 09, 14:08:48 underlyingReceive() receive timeOut! 

Mon Nov 09, 14:08:50 underlyingReceive() receive timeOut! 

Mon Nov 09, 14:09:56 underlyingReceive() receive timeOut! 

Mon Nov 09, 14:09:58 underlyingReceive() receive timeOut! 

Mon Nov 09, 14:10:43 connect failed
Mon Nov 09, 14:10:43 All connection attempted, but failed
Mon Nov 09, 14:10:43 Failed to open TCP port! 

Mon Nov 09, 14:10:45 connect failed
Mon Nov 09, 14:10:45 All connection attempted, but failed
Mon Nov 09, 14:10:45 Failed to open TCP port! 

Mon Nov 09, 14:11:30 connect failed
Mon Nov 09, 14:11:30 All connection attempted, but failed
Mon Nov 09, 14:11:30 Failed to open TCP port! 

Mon Nov 09, 14:11:32 connect failed
Mon Nov 09, 14:11:32 All connection attempted, but failed
Mon Nov 09, 14:11:32 Failed to open TCP port! 

Mon Nov 09, 14:12:17 connect failed
Mon Nov 09, 14:12:17 All connection attempted, but failed
Mon Nov 09, 14:12:17 Failed to open TCP port! 

Mon Nov 09, 14:12:19 connect failed
Mon Nov 09, 14:12:19 All connection attempted, but failed
Mon Nov 09, 14:12:19 Failed to open TCP port! 

Mon Nov 09, 14:13:04 connect failed
Mon Nov 09, 14:13:04 All connection attempted, but failed
Mon Nov 09, 14:13:04 Failed to open TCP port! 

Mon Nov 09, 14:13:06 connect failed
Mon Nov 09, 14:13:06 All connection attempted, but failed
Mon Nov 09, 14:13:06 Failed to open TCP port! 

Mon Nov 09, 14:13:51 connect failed
Mon Nov 09, 14:13:51 All connection attempted, but failed
Mon Nov 09, 14:13:51 Failed to open TCP port! 

Mon Nov 09, 14:13:53 connect failed
Mon Nov 09, 14:13:53 All connection attempted, but failed
Mon Nov 09, 14:13:53 Failed to open TCP port! 

Mon Nov 09, 14:19:31 underlyingReceive() receive timeOut! 

Mon Nov 09, 14:19:35 underlyingReceive() receive timeOut! 

Mon Nov 09, 14:22:43 Read socket length < 0 and err is 10051.

Mon Nov 09, 14:22:43 Read socket length < 0 and err is 10051.

Mon Nov 09, 14:22:43 Read socket length < 0 and err is 10051.

Mon Nov 09, 14:22:43 Read socket length < 0 and err is 10051.

Mon Nov 09, 14:27:54 underlyingReceive() receive timeOut! 

Mon Nov 09, 14:27:56 underlyingReceive() receive timeOut! 

Mon Nov 09, 14:31:04 underlyingReceive() receive timeOut! 

Mon Nov 09, 14:31:06 underlyingReceive() receive timeOut! 

Mon Nov 09, 14:33:21 underlyingReceive() receive timeOut! 

Mon Nov 09, 14:33:23 underlyingReceive() receive timeOut! 

Mon Nov 09, 14:35:05 underlyingReceive() receive timeOut! 

Mon Nov 09, 14:36:26 underlyingReceive() receive timeOut! 

Mon Nov 09, 14:47:47 underlyingReceive() receive timeOut! 

Mon Nov 09, 14:47:48 underlyingReceive() receive timeOut! 

Mon Nov 09, 14:49:15 underlyingReceive() receive timeOut! 

Mon Nov 09, 14:49:17 underlyingReceive() receive timeOut! 

Mon Nov 09, 14:50:04 underlyingReceive() receive timeOut! 

Mon Nov 09, 14:50:07 underlyingReceive() receive timeOut! 

Mon Nov 09, 14:59:27 underlyingSend() send failed.
Mon Nov 09, 14:59:27 underlyingSend() send failed.
Mon Nov 09, 14:59:27 underlyingSend() send failed.
Mon Nov 09, 14:59:27 underlyingSend() send failed.
